<?xml version="1.0" encoding="UTF-8" ?>
<testsuite tests="7" failures="0" name="com.az.rest.test.service.AccountServiceTest" time="0.012" errors="0" skipped="0">
  <properties>
[...]
</properties>
  <testcase classname="com.az.rest.test.service.AccountServiceTest" name="createFailedTest" time="0"/>
  <testcase classname="com.az.rest.test.service.AccountServiceTest" name="userAccoutListFailedTest" time="0"/>
  <testcase classname="com.az.rest.test.service.AccountServiceTest" name="getAccountByIdSuccessTest" time="0"/>
  <testcase classname="com.az.rest.test.service.AccountServiceTest" name="createSuccessTest" time="0.012"/>
  <testcase classname="com.az.rest.test.service.AccountServiceTest" name="getByIdFailedTest" time="0"/>
  <testcase classname="com.az.rest.test.service.AccountServiceTest" name="getAllAccounts" time="0"/>
  <testcase classname="com.az.rest.test.service.AccountServiceTest" name="userAccoutListSuccessTest" time="0"/>
</testsuite>